<html>
<head>
<title>TestNG:  Test</title>
<link href="../testng.css" rel="stylesheet" type="text/css" />
<link href="../my-testng.css" rel="stylesheet" type="text/css" />

<style type="text/css">
.log { display: none;} 
.stack-trace { display: none;} 
</style>
<script type="text/javascript">
<!--
function flip(e) {
  current = e.style.display;
  if (current == 'block') {
    e.style.display = 'none';
    return 0;
  }
  else {
    e.style.display = 'block';
    return 1;
  }
}

function toggleBox(szDivId, elem, msg1, msg2)
{
  var res = -1;  if (document.getElementById) {
    res = flip(document.getElementById(szDivId));
  }
  else if (document.all) {
    // this is the way old msie versions work
    res = flip(document.all[szDivId]);
  }
  if(elem) {
    if(res == 0) elem.innerHTML = msg1; else elem.innerHTML = msg2;
  }

}

function toggleAllBoxes() {
  if (document.getElementsByTagName) {
    d = document.getElementsByTagName('div');
    for (i = 0; i < d.length; i++) {
      if (d[i].className == 'log') {
        flip(d[i]);
      }
    }
  }
}

// -->
</script>

</head>
<body>
<h2 align='center'>Test</h2><table border='1' align="center">
<tr>
<td>Tests passed/Failed/Skipped:</td><td>2/0/7</td>
</tr><tr>
<td>Started on:</td><td>Sun Jan 21 20:04:35 PST 2018</td>
</tr>
<tr><td>Total time:</td><td>0 seconds (480 ms)</td>
</tr><tr>
<td>Included groups:</td><td></td>
</tr><tr>
<td>Excluded groups:</td><td></td>
</tr>
</table><p/>
<small><i>(Hover the method name to see the test class name)</i></small><p/>
<table width='100%' border='1' class='invocation-failed'>
<tr><td colspan='4' align='center'><b>FAILED CONFIGURATIONS</b></td></tr>
<tr><td><b>Test method</b></td>
<td width="30%"><b>Exception</b></td>
<td width="10%"><b>Time (seconds)</b></td>
<td><b>Instance</b></td>
</tr>
<tr>
<td title='DCTestFrameWork_Tests.MoviesContentTest.beforeClass()'><b>beforeClass</b><br>Test class: DCTestFrameWork_Tests.MoviesContentTest</td>
<td><div><pre>java.lang.NoClassDefFoundError: DCTestFrameWork_Lib/Driver
	at DCTestFrameWork_Tests.BaseTest.beforeClass(BaseTest.java:28)
Caused by: java.lang.ClassNotFoundException: DCTestFrameWork_Lib.Driver
	at java.net.URLClassLoader.findClass(Unknown Source)
	at java.lang.ClassLoader.loadClass(Unknown Source)
	at sun.misc.Launcher$AppClassLoader.loadClass(Unknown Source)
	at java.lang.ClassLoader.loadClass(Unknown Source)
	... 27 more
... Removed 26 stack frames</pre></div><a href='#' onClick='toggleBox("stack-trace2083117811", this, "Click to show all stack frames", "Click to hide stack frames")'>Click to show all stack frames</a>
<div class='stack-trace' id='stack-trace2083117811'><pre>java.lang.NoClassDefFoundError: DCTestFrameWork_Lib/Driver
	at DCTestFrameWork_Tests.BaseTest.beforeClass(BaseTest.java:28)
	at sun.reflect.NativeMethodAccessorImpl.invoke0(Native Method)
	at sun.reflect.NativeMethodAccessorImpl.invoke(Unknown Source)
	at sun.reflect.DelegatingMethodAccessorImpl.invoke(Unknown Source)
	at java.lang.reflect.Method.invoke(Unknown Source)
	at org.testng.internal.MethodInvocationHelper.invokeMethod(MethodInvocationHelper.java:124)
	at org.testng.internal.MethodInvocationHelper.invokeMethodConsideringTimeout(MethodInvocationHelper.java:59)
	at org.testng.internal.Invoker.invokeConfigurationMethod(Invoker.java:451)
	at org.testng.internal.Invoker.invokeConfigurations(Invoker.java:222)
	at org.testng.internal.Invoker.invokeConfigurations(Invoker.java:142)
	at org.testng.internal.TestMethodWorker.invokeBeforeClassMethods(TestMethodWorker.java:163)
	at org.testng.internal.TestMethodWorker.run(TestMethodWorker.java:105)
	at org.testng.TestRunner.privateRun(TestRunner.java:648)
	at org.testng.TestRunner.run(TestRunner.java:505)
	at org.testng.SuiteRunner.runTest(SuiteRunner.java:455)
	at org.testng.SuiteRunner.runSequentially(SuiteRunner.java:450)
	at org.testng.SuiteRunner.privateRun(SuiteRunner.java:415)
	at org.testng.SuiteRunner.run(SuiteRunner.java:364)
	at org.testng.SuiteRunnerWorker.runSuite(SuiteRunnerWorker.java:52)
	at org.testng.SuiteRunnerWorker.run(SuiteRunnerWorker.java:84)
	at org.testng.TestNG.runSuitesSequentially(TestNG.java:1187)
	at org.testng.TestNG.runSuitesLocally(TestNG.java:1116)
	at org.testng.TestNG.runSuites(TestNG.java:1028)
	at org.testng.TestNG.run(TestNG.java:996)
	at org.testng.remote.AbstractRemoteTestNG.run(AbstractRemoteTestNG.java:114)
	at org.testng.remote.RemoteTestNG.initAndRun(RemoteTestNG.java:251)
	at org.testng.remote.RemoteTestNG.main(RemoteTestNG.java:77)
Caused by: java.lang.ClassNotFoundException: DCTestFrameWork_Lib.Driver
	at java.net.URLClassLoader.findClass(Unknown Source)
	at java.lang.ClassLoader.loadClass(Unknown Source)
	at sun.misc.Launcher$AppClassLoader.loadClass(Unknown Source)
	at java.lang.ClassLoader.loadClass(Unknown Source)
	... 27 more
</pre></div></td>
<td>0</td>
<td>DCTestFrameWork_Tests.MoviesContentTest@3e6fa38a</td></tr>
<tr>
<td title='DCTestFrameWork_Tests.MoviesFilterTest.beforeClass()'><b>beforeClass</b><br>Test class: DCTestFrameWork_Tests.MoviesFilterTest</td>
<td><div><pre>java.lang.NoClassDefFoundError: DCTestFrameWork_Lib/Driver
	at DCTestFrameWork_Tests.BaseTest.beforeClass(BaseTest.java:28)
... Removed 26 stack frames</pre></div><a href='#' onClick='toggleBox("stack-trace1325808650", this, "Click to show all stack frames", "Click to hide stack frames")'>Click to show all stack frames</a>
<div class='stack-trace' id='stack-trace1325808650'><pre>java.lang.NoClassDefFoundError: DCTestFrameWork_Lib/Driver
	at DCTestFrameWork_Tests.BaseTest.beforeClass(BaseTest.java:28)
	at sun.reflect.NativeMethodAccessorImpl.invoke0(Native Method)
	at sun.reflect.NativeMethodAccessorImpl.invoke(Unknown Source)
	at sun.reflect.DelegatingMethodAccessorImpl.invoke(Unknown Source)
	at java.lang.reflect.Method.invoke(Unknown Source)
	at org.testng.internal.MethodInvocationHelper.invokeMethod(MethodInvocationHelper.java:124)
	at org.testng.internal.MethodInvocationHelper.invokeMethodConsideringTimeout(MethodInvocationHelper.java:59)
	at org.testng.internal.Invoker.invokeConfigurationMethod(Invoker.java:451)
	at org.testng.internal.Invoker.invokeConfigurations(Invoker.java:222)
	at org.testng.internal.Invoker.invokeConfigurations(Invoker.java:142)
	at org.testng.internal.TestMethodWorker.invokeBeforeClassMethods(TestMethodWorker.java:163)
	at org.testng.internal.TestMethodWorker.run(TestMethodWorker.java:105)
	at org.testng.TestRunner.privateRun(TestRunner.java:648)
	at org.testng.TestRunner.run(TestRunner.java:505)
	at org.testng.SuiteRunner.runTest(SuiteRunner.java:455)
	at org.testng.SuiteRunner.runSequentially(SuiteRunner.java:450)
	at org.testng.SuiteRunner.privateRun(SuiteRunner.java:415)
	at org.testng.SuiteRunner.run(SuiteRunner.java:364)
	at org.testng.SuiteRunnerWorker.runSuite(SuiteRunnerWorker.java:52)
	at org.testng.SuiteRunnerWorker.run(SuiteRunnerWorker.java:84)
	at org.testng.TestNG.runSuitesSequentially(TestNG.java:1187)
	at org.testng.TestNG.runSuitesLocally(TestNG.java:1116)
	at org.testng.TestNG.runSuites(TestNG.java:1028)
	at org.testng.TestNG.run(TestNG.java:996)
	at org.testng.remote.AbstractRemoteTestNG.run(AbstractRemoteTestNG.java:114)
	at org.testng.remote.RemoteTestNG.initAndRun(RemoteTestNG.java:251)
	at org.testng.remote.RemoteTestNG.main(RemoteTestNG.java:77)
</pre></div></td>
<td>0</td>
<td>DCTestFrameWork_Tests.MoviesFilterTest@66a3ffec</td></tr>
<tr>
<td title='DCTestFrameWork_Tests.MoviesNavTest.beforeClass()'><b>beforeClass</b><br>Test class: DCTestFrameWork_Tests.MoviesNavTest</td>
<td><div><pre>java.lang.NoClassDefFoundError: DCTestFrameWork_Lib/Driver
	at DCTestFrameWork_Tests.BaseTest.beforeClass(BaseTest.java:28)
... Removed 26 stack frames</pre></div><a href='#' onClick='toggleBox("stack-trace280744458", this, "Click to show all stack frames", "Click to hide stack frames")'>Click to show all stack frames</a>
<div class='stack-trace' id='stack-trace280744458'><pre>java.lang.NoClassDefFoundError: DCTestFrameWork_Lib/Driver
	at DCTestFrameWork_Tests.BaseTest.beforeClass(BaseTest.java:28)
	at sun.reflect.NativeMethodAccessorImpl.invoke0(Native Method)
	at sun.reflect.NativeMethodAccessorImpl.invoke(Unknown Source)
	at sun.reflect.DelegatingMethodAccessorImpl.invoke(Unknown Source)
	at java.lang.reflect.Method.invoke(Unknown Source)
	at org.testng.internal.MethodInvocationHelper.invokeMethod(MethodInvocationHelper.java:124)
	at org.testng.internal.MethodInvocationHelper.invokeMethodConsideringTimeout(MethodInvocationHelper.java:59)
	at org.testng.internal.Invoker.invokeConfigurationMethod(Invoker.java:451)
	at org.testng.internal.Invoker.invokeConfigurations(Invoker.java:222)
	at org.testng.internal.Invoker.invokeConfigurations(Invoker.java:142)
	at org.testng.internal.TestMethodWorker.invokeBeforeClassMethods(TestMethodWorker.java:163)
	at org.testng.internal.TestMethodWorker.run(TestMethodWorker.java:105)
	at org.testng.TestRunner.privateRun(TestRunner.java:648)
	at org.testng.TestRunner.run(TestRunner.java:505)
	at org.testng.SuiteRunner.runTest(SuiteRunner.java:455)
	at org.testng.SuiteRunner.runSequentially(SuiteRunner.java:450)
	at org.testng.SuiteRunner.privateRun(SuiteRunner.java:415)
	at org.testng.SuiteRunner.run(SuiteRunner.java:364)
	at org.testng.SuiteRunnerWorker.runSuite(SuiteRunnerWorker.java:52)
	at org.testng.SuiteRunnerWorker.run(SuiteRunnerWorker.java:84)
	at org.testng.TestNG.runSuitesSequentially(TestNG.java:1187)
	at org.testng.TestNG.runSuitesLocally(TestNG.java:1116)
	at org.testng.TestNG.runSuites(TestNG.java:1028)
	at org.testng.TestNG.run(TestNG.java:996)
	at org.testng.remote.AbstractRemoteTestNG.run(AbstractRemoteTestNG.java:114)
	at org.testng.remote.RemoteTestNG.initAndRun(RemoteTestNG.java:251)
	at org.testng.remote.RemoteTestNG.main(RemoteTestNG.java:77)
</pre></div></td>
<td>0</td>
<td>DCTestFrameWork_Tests.MoviesNavTest@77caeb3e</td></tr>
</table><p>
<table width='100%' border='1' class='invocation-skipped'>
<tr><td colspan='4' align='center'><b>SKIPPED CONFIGURATIONS</b></td></tr>
<tr><td><b>Test method</b></td>
<td width="30%"><b>Exception</b></td>
<td width="10%"><b>Time (seconds)</b></td>
<td><b>Instance</b></td>
</tr>
<tr>
<td title='DCTestFrameWork_Tests.MoviesContentTest.beforeMethod()'><b>beforeMethod</b><br>Test class: DCTestFrameWork_Tests.MoviesContentTest</td>
<td></td>
<td>0</td>
<td>DCTestFrameWork_Tests.MoviesContentTest@3e6fa38a</td></tr>
<tr>
<td title='DCTestFrameWork_Tests.MoviesFilterTest.beforeMethod()'><b>beforeMethod</b><br>Test class: DCTestFrameWork_Tests.MoviesFilterTest</td>
<td></td>
<td>0</td>
<td>DCTestFrameWork_Tests.MoviesFilterTest@66a3ffec</td></tr>
<tr>
<td title='DCTestFrameWork_Tests.MoviesFilterTest.beforeMethod()'><b>beforeMethod</b><br>Test class: DCTestFrameWork_Tests.MoviesFilterTest</td>
<td></td>
<td>0</td>
<td>DCTestFrameWork_Tests.MoviesFilterTest@66a3ffec</td></tr>
<tr>
<td title='DCTestFrameWork_Tests.MoviesFilterTest.beforeMethod()'><b>beforeMethod</b><br>Test class: DCTestFrameWork_Tests.MoviesFilterTest</td>
<td></td>
<td>0</td>
<td>DCTestFrameWork_Tests.MoviesFilterTest@66a3ffec</td></tr>
<tr>
<td title='DCTestFrameWork_Tests.MoviesFilterTest.beforeMethod()'><b>beforeMethod</b><br>Test class: DCTestFrameWork_Tests.MoviesFilterTest</td>
<td></td>
<td>0</td>
<td>DCTestFrameWork_Tests.MoviesFilterTest@66a3ffec</td></tr>
<tr>
<td title='DCTestFrameWork_Tests.MoviesFilterTest.beforeMethod()'><b>beforeMethod</b><br>Test class: DCTestFrameWork_Tests.MoviesFilterTest</td>
<td></td>
<td>0</td>
<td>DCTestFrameWork_Tests.MoviesFilterTest@66a3ffec</td></tr>
<tr>
<td title='DCTestFrameWork_Tests.MoviesNavTest.beforeMethod()'><b>beforeMethod</b><br>Test class: DCTestFrameWork_Tests.MoviesNavTest</td>
<td></td>
<td>0</td>
<td>DCTestFrameWork_Tests.MoviesNavTest@77caeb3e</td></tr>
<tr>
<td title='DCTestFrameWork_Tests.MoviesContentTest.afterMethod()'><b>afterMethod</b><br>Test class: DCTestFrameWork_Tests.MoviesContentTest</td>
<td></td>
<td>0</td>
<td>DCTestFrameWork_Tests.MoviesContentTest@3e6fa38a</td></tr>
<tr>
<td title='DCTestFrameWork_Tests.MoviesFilterTest.afterMethod()'><b>afterMethod</b><br>Test class: DCTestFrameWork_Tests.MoviesFilterTest</td>
<td></td>
<td>0</td>
<td>DCTestFrameWork_Tests.MoviesFilterTest@66a3ffec</td></tr>
<tr>
<td title='DCTestFrameWork_Tests.MoviesFilterTest.afterMethod()'><b>afterMethod</b><br>Test class: DCTestFrameWork_Tests.MoviesFilterTest</td>
<td></td>
<td>0</td>
<td>DCTestFrameWork_Tests.MoviesFilterTest@66a3ffec</td></tr>
<tr>
<td title='DCTestFrameWork_Tests.MoviesFilterTest.afterMethod()'><b>afterMethod</b><br>Test class: DCTestFrameWork_Tests.MoviesFilterTest</td>
<td></td>
<td>0</td>
<td>DCTestFrameWork_Tests.MoviesFilterTest@66a3ffec</td></tr>
<tr>
<td title='DCTestFrameWork_Tests.MoviesFilterTest.afterMethod()'><b>afterMethod</b><br>Test class: DCTestFrameWork_Tests.MoviesFilterTest</td>
<td></td>
<td>0</td>
<td>DCTestFrameWork_Tests.MoviesFilterTest@66a3ffec</td></tr>
<tr>
<td title='DCTestFrameWork_Tests.MoviesFilterTest.afterMethod()'><b>afterMethod</b><br>Test class: DCTestFrameWork_Tests.MoviesFilterTest</td>
<td></td>
<td>0</td>
<td>DCTestFrameWork_Tests.MoviesFilterTest@66a3ffec</td></tr>
<tr>
<td title='DCTestFrameWork_Tests.MoviesNavTest.afterMethod()'><b>afterMethod</b><br>Test class: DCTestFrameWork_Tests.MoviesNavTest</td>
<td></td>
<td>0</td>
<td>DCTestFrameWork_Tests.MoviesNavTest@77caeb3e</td></tr>
<tr>
<td title='DCTestFrameWork_Tests.BaseTest.afterTest()'><b>afterTest</b><br>Test class: DCTestFrameWork_Tests.BaseTest</td>
<td></td>
<td>0</td>
<td>DCTestFrameWork_Tests.BaseTest@6f7fd0e6</td></tr>
</table><p>
<table width='100%' border='1' class='invocation-passed'>
<tr><td colspan='4' align='center'><b>PASSED TESTS</b></td></tr>
<tr><td><b>Test method</b></td>
<td width="30%"><b>Exception</b></td>
<td width="10%"><b>Time (seconds)</b></td>
<td><b>Instance</b></td>
</tr>
<tr>
<td title='DCTestFrameWork_Tests.ComicsTest.f()'><b>f</b><br>Test class: DCTestFrameWork_Tests.ComicsTest</td>
<td></td>
<td>0</td>
<td>DCTestFrameWork_Tests.ComicsTest@47c62251</td></tr>
<tr>
<td title='DCTestFrameWork_Tests.NewTest.f()'><b>f</b><br>Test class: DCTestFrameWork_Tests.NewTest</td>
<td></td>
<td>0</td>
<td>DCTestFrameWork_Tests.NewTest@1e88b3c</td></tr>
</table><p>
<table width='100%' border='1' class='invocation-skipped'>
<tr><td colspan='4' align='center'><b>SKIPPED TESTS</b></td></tr>
<tr><td><b>Test method</b></td>
<td width="30%"><b>Exception</b></td>
<td width="10%"><b>Time (seconds)</b></td>
<td><b>Instance</b></td>
</tr>
<tr>
<td title='DCTestFrameWork_Tests.MoviesFilterTest.FilterByAnimationTest()'><b>FilterByAnimationTest</b><br>Test class: DCTestFrameWork_Tests.MoviesFilterTest</td>
<td><div><pre>java.lang.NoClassDefFoundError: DCTestFrameWork_Lib/Driver
	at DCTestFrameWork_Tests.BaseTest.beforeClass(BaseTest.java:28)
... Removed 26 stack frames</pre></div><a href='#' onClick='toggleBox("stack-trace1987083830", this, "Click to show all stack frames", "Click to hide stack frames")'>Click to show all stack frames</a>
<div class='stack-trace' id='stack-trace1987083830'><pre>java.lang.NoClassDefFoundError: DCTestFrameWork_Lib/Driver
	at DCTestFrameWork_Tests.BaseTest.beforeClass(BaseTest.java:28)
	at sun.reflect.NativeMethodAccessorImpl.invoke0(Native Method)
	at sun.reflect.NativeMethodAccessorImpl.invoke(Unknown Source)
	at sun.reflect.DelegatingMethodAccessorImpl.invoke(Unknown Source)
	at java.lang.reflect.Method.invoke(Unknown Source)
	at org.testng.internal.MethodInvocationHelper.invokeMethod(MethodInvocationHelper.java:124)
	at org.testng.internal.MethodInvocationHelper.invokeMethodConsideringTimeout(MethodInvocationHelper.java:59)
	at org.testng.internal.Invoker.invokeConfigurationMethod(Invoker.java:451)
	at org.testng.internal.Invoker.invokeConfigurations(Invoker.java:222)
	at org.testng.internal.Invoker.invokeConfigurations(Invoker.java:142)
	at org.testng.internal.TestMethodWorker.invokeBeforeClassMethods(TestMethodWorker.java:163)
	at org.testng.internal.TestMethodWorker.run(TestMethodWorker.java:105)
	at org.testng.TestRunner.privateRun(TestRunner.java:648)
	at org.testng.TestRunner.run(TestRunner.java:505)
	at org.testng.SuiteRunner.runTest(SuiteRunner.java:455)
	at org.testng.SuiteRunner.runSequentially(SuiteRunner.java:450)
	at org.testng.SuiteRunner.privateRun(SuiteRunner.java:415)
	at org.testng.SuiteRunner.run(SuiteRunner.java:364)
	at org.testng.SuiteRunnerWorker.runSuite(SuiteRunnerWorker.java:52)
	at org.testng.SuiteRunnerWorker.run(SuiteRunnerWorker.java:84)
	at org.testng.TestNG.runSuitesSequentially(TestNG.java:1187)
	at org.testng.TestNG.runSuitesLocally(TestNG.java:1116)
	at org.testng.TestNG.runSuites(TestNG.java:1028)
	at org.testng.TestNG.run(TestNG.java:996)
	at org.testng.remote.AbstractRemoteTestNG.run(AbstractRemoteTestNG.java:114)
	at org.testng.remote.RemoteTestNG.initAndRun(RemoteTestNG.java:251)
	at org.testng.remote.RemoteTestNG.main(RemoteTestNG.java:77)
</pre></div></td>
<td>0</td>
<td>DCTestFrameWork_Tests.MoviesFilterTest@66a3ffec</td></tr>
<tr>
<td title='DCTestFrameWork_Tests.MoviesFilterTest.FilterByLiveActionAndAnimationTest()'><b>FilterByLiveActionAndAnimationTest</b><br>Test class: DCTestFrameWork_Tests.MoviesFilterTest</td>
<td><div><pre>java.lang.NoClassDefFoundError: DCTestFrameWork_Lib/Driver
	at DCTestFrameWork_Tests.BaseTest.beforeClass(BaseTest.java:28)
... Removed 26 stack frames</pre></div><a href='#' onClick='toggleBox("stack-trace1766724936", this, "Click to show all stack frames", "Click to hide stack frames")'>Click to show all stack frames</a>
<div class='stack-trace' id='stack-trace1766724936'><pre>java.lang.NoClassDefFoundError: DCTestFrameWork_Lib/Driver
	at DCTestFrameWork_Tests.BaseTest.beforeClass(BaseTest.java:28)
	at sun.reflect.NativeMethodAccessorImpl.invoke0(Native Method)
	at sun.reflect.NativeMethodAccessorImpl.invoke(Unknown Source)
	at sun.reflect.DelegatingMethodAccessorImpl.invoke(Unknown Source)
	at java.lang.reflect.Method.invoke(Unknown Source)
	at org.testng.internal.MethodInvocationHelper.invokeMethod(MethodInvocationHelper.java:124)
	at org.testng.internal.MethodInvocationHelper.invokeMethodConsideringTimeout(MethodInvocationHelper.java:59)
	at org.testng.internal.Invoker.invokeConfigurationMethod(Invoker.java:451)
	at org.testng.internal.Invoker.invokeConfigurations(Invoker.java:222)
	at org.testng.internal.Invoker.invokeConfigurations(Invoker.java:142)
	at org.testng.internal.TestMethodWorker.invokeBeforeClassMethods(TestMethodWorker.java:163)
	at org.testng.internal.TestMethodWorker.run(TestMethodWorker.java:105)
	at org.testng.TestRunner.privateRun(TestRunner.java:648)
	at org.testng.TestRunner.run(TestRunner.java:505)
	at org.testng.SuiteRunner.runTest(SuiteRunner.java:455)
	at org.testng.SuiteRunner.runSequentially(SuiteRunner.java:450)
	at org.testng.SuiteRunner.privateRun(SuiteRunner.java:415)
	at org.testng.SuiteRunner.run(SuiteRunner.java:364)
	at org.testng.SuiteRunnerWorker.runSuite(SuiteRunnerWorker.java:52)
	at org.testng.SuiteRunnerWorker.run(SuiteRunnerWorker.java:84)
	at org.testng.TestNG.runSuitesSequentially(TestNG.java:1187)
	at org.testng.TestNG.runSuitesLocally(TestNG.java:1116)
	at org.testng.TestNG.runSuites(TestNG.java:1028)
	at org.testng.TestNG.run(TestNG.java:996)
	at org.testng.remote.AbstractRemoteTestNG.run(AbstractRemoteTestNG.java:114)
	at org.testng.remote.RemoteTestNG.initAndRun(RemoteTestNG.java:251)
	at org.testng.remote.RemoteTestNG.main(RemoteTestNG.java:77)
</pre></div></td>
<td>0</td>
<td>DCTestFrameWork_Tests.MoviesFilterTest@66a3ffec</td></tr>
<tr>
<td title='DCTestFrameWork_Tests.MoviesFilterTest.FilterByLiveActionTest()'><b>FilterByLiveActionTest</b><br>Test class: DCTestFrameWork_Tests.MoviesFilterTest</td>
<td><div><pre>java.lang.NoClassDefFoundError: DCTestFrameWork_Lib/Driver
	at DCTestFrameWork_Tests.BaseTest.beforeClass(BaseTest.java:28)
... Removed 26 stack frames</pre></div><a href='#' onClick='toggleBox("stack-trace648680157", this, "Click to show all stack frames", "Click to hide stack frames")'>Click to show all stack frames</a>
<div class='stack-trace' id='stack-trace648680157'><pre>java.lang.NoClassDefFoundError: DCTestFrameWork_Lib/Driver
	at DCTestFrameWork_Tests.BaseTest.beforeClass(BaseTest.java:28)
	at sun.reflect.NativeMethodAccessorImpl.invoke0(Native Method)
	at sun.reflect.NativeMethodAccessorImpl.invoke(Unknown Source)
	at sun.reflect.DelegatingMethodAccessorImpl.invoke(Unknown Source)
	at java.lang.reflect.Method.invoke(Unknown Source)
	at org.testng.internal.MethodInvocationHelper.invokeMethod(MethodInvocationHelper.java:124)
	at org.testng.internal.MethodInvocationHelper.invokeMethodConsideringTimeout(MethodInvocationHelper.java:59)
	at org.testng.internal.Invoker.invokeConfigurationMethod(Invoker.java:451)
	at org.testng.internal.Invoker.invokeConfigurations(Invoker.java:222)
	at org.testng.internal.Invoker.invokeConfigurations(Invoker.java:142)
	at org.testng.internal.TestMethodWorker.invokeBeforeClassMethods(TestMethodWorker.java:163)
	at org.testng.internal.TestMethodWorker.run(TestMethodWorker.java:105)
	at org.testng.TestRunner.privateRun(TestRunner.java:648)
	at org.testng.TestRunner.run(TestRunner.java:505)
	at org.testng.SuiteRunner.runTest(SuiteRunner.java:455)
	at org.testng.SuiteRunner.runSequentially(SuiteRunner.java:450)
	at org.testng.SuiteRunner.privateRun(SuiteRunner.java:415)
	at org.testng.SuiteRunner.run(SuiteRunner.java:364)
	at org.testng.SuiteRunnerWorker.runSuite(SuiteRunnerWorker.java:52)
	at org.testng.SuiteRunnerWorker.run(SuiteRunnerWorker.java:84)
	at org.testng.TestNG.runSuitesSequentially(TestNG.java:1187)
	at org.testng.TestNG.runSuitesLocally(TestNG.java:1116)
	at org.testng.TestNG.runSuites(TestNG.java:1028)
	at org.testng.TestNG.run(TestNG.java:996)
	at org.testng.remote.AbstractRemoteTestNG.run(AbstractRemoteTestNG.java:114)
	at org.testng.remote.RemoteTestNG.initAndRun(RemoteTestNG.java:251)
	at org.testng.remote.RemoteTestNG.main(RemoteTestNG.java:77)
</pre></div></td>
<td>0</td>
<td>DCTestFrameWork_Tests.MoviesFilterTest@66a3ffec</td></tr>
<tr>
<td title='DCTestFrameWork_Tests.MoviesFilterTest.FilterByLiveActionWithPOMTest()'><b>FilterByLiveActionWithPOMTest</b><br>Test class: DCTestFrameWork_Tests.MoviesFilterTest</td>
<td><div><pre>java.lang.NoClassDefFoundError: DCTestFrameWork_Lib/Driver
	at DCTestFrameWork_Tests.BaseTest.beforeClass(BaseTest.java:28)
... Removed 26 stack frames</pre></div><a href='#' onClick='toggleBox("stack-trace1908143486", this, "Click to show all stack frames", "Click to hide stack frames")'>Click to show all stack frames</a>
<div class='stack-trace' id='stack-trace1908143486'><pre>java.lang.NoClassDefFoundError: DCTestFrameWork_Lib/Driver
	at DCTestFrameWork_Tests.BaseTest.beforeClass(BaseTest.java:28)
	at sun.reflect.NativeMethodAccessorImpl.invoke0(Native Method)
	at sun.reflect.NativeMethodAccessorImpl.invoke(Unknown Source)
	at sun.reflect.DelegatingMethodAccessorImpl.invoke(Unknown Source)
	at java.lang.reflect.Method.invoke(Unknown Source)
	at org.testng.internal.MethodInvocationHelper.invokeMethod(MethodInvocationHelper.java:124)
	at org.testng.internal.MethodInvocationHelper.invokeMethodConsideringTimeout(MethodInvocationHelper.java:59)
	at org.testng.internal.Invoker.invokeConfigurationMethod(Invoker.java:451)
	at org.testng.internal.Invoker.invokeConfigurations(Invoker.java:222)
	at org.testng.internal.Invoker.invokeConfigurations(Invoker.java:142)
	at org.testng.internal.TestMethodWorker.invokeBeforeClassMethods(TestMethodWorker.java:163)
	at org.testng.internal.TestMethodWorker.run(TestMethodWorker.java:105)
	at org.testng.TestRunner.privateRun(TestRunner.java:648)
	at org.testng.TestRunner.run(TestRunner.java:505)
	at org.testng.SuiteRunner.runTest(SuiteRunner.java:455)
	at org.testng.SuiteRunner.runSequentially(SuiteRunner.java:450)
	at org.testng.SuiteRunner.privateRun(SuiteRunner.java:415)
	at org.testng.SuiteRunner.run(SuiteRunner.java:364)
	at org.testng.SuiteRunnerWorker.runSuite(SuiteRunnerWorker.java:52)
	at org.testng.SuiteRunnerWorker.run(SuiteRunnerWorker.java:84)
	at org.testng.TestNG.runSuitesSequentially(TestNG.java:1187)
	at org.testng.TestNG.runSuitesLocally(TestNG.java:1116)
	at org.testng.TestNG.runSuites(TestNG.java:1028)
	at org.testng.TestNG.run(TestNG.java:996)
	at org.testng.remote.AbstractRemoteTestNG.run(AbstractRemoteTestNG.java:114)
	at org.testng.remote.RemoteTestNG.initAndRun(RemoteTestNG.java:251)
	at org.testng.remote.RemoteTestNG.main(RemoteTestNG.java:77)
</pre></div></td>
<td>0</td>
<td>DCTestFrameWork_Tests.MoviesFilterTest@66a3ffec</td></tr>
<tr>
<td title='DCTestFrameWork_Tests.MoviesFilterTest.FilterTest()'><b>FilterTest</b><br>Test class: DCTestFrameWork_Tests.MoviesFilterTest</td>
<td><div><pre>java.lang.NoClassDefFoundError: DCTestFrameWork_Lib/Driver
	at DCTestFrameWork_Tests.BaseTest.beforeClass(BaseTest.java:28)
... Removed 26 stack frames</pre></div><a href='#' onClick='toggleBox("stack-trace222624801", this, "Click to show all stack frames", "Click to hide stack frames")'>Click to show all stack frames</a>
<div class='stack-trace' id='stack-trace222624801'><pre>java.lang.NoClassDefFoundError: DCTestFrameWork_Lib/Driver
	at DCTestFrameWork_Tests.BaseTest.beforeClass(BaseTest.java:28)
	at sun.reflect.NativeMethodAccessorImpl.invoke0(Native Method)
	at sun.reflect.NativeMethodAccessorImpl.invoke(Unknown Source)
	at sun.reflect.DelegatingMethodAccessorImpl.invoke(Unknown Source)
	at java.lang.reflect.Method.invoke(Unknown Source)
	at org.testng.internal.MethodInvocationHelper.invokeMethod(MethodInvocationHelper.java:124)
	at org.testng.internal.MethodInvocationHelper.invokeMethodConsideringTimeout(MethodInvocationHelper.java:59)
	at org.testng.internal.Invoker.invokeConfigurationMethod(Invoker.java:451)
	at org.testng.internal.Invoker.invokeConfigurations(Invoker.java:222)
	at org.testng.internal.Invoker.invokeConfigurations(Invoker.java:142)
	at org.testng.internal.TestMethodWorker.invokeBeforeClassMethods(TestMethodWorker.java:163)
	at org.testng.internal.TestMethodWorker.run(TestMethodWorker.java:105)
	at org.testng.TestRunner.privateRun(TestRunner.java:648)
	at org.testng.TestRunner.run(TestRunner.java:505)
	at org.testng.SuiteRunner.runTest(SuiteRunner.java:455)
	at org.testng.SuiteRunner.runSequentially(SuiteRunner.java:450)
	at org.testng.SuiteRunner.privateRun(SuiteRunner.java:415)
	at org.testng.SuiteRunner.run(SuiteRunner.java:364)
	at org.testng.SuiteRunnerWorker.runSuite(SuiteRunnerWorker.java:52)
	at org.testng.SuiteRunnerWorker.run(SuiteRunnerWorker.java:84)
	at org.testng.TestNG.runSuitesSequentially(TestNG.java:1187)
	at org.testng.TestNG.runSuitesLocally(TestNG.java:1116)
	at org.testng.TestNG.runSuites(TestNG.java:1028)
	at org.testng.TestNG.run(TestNG.java:996)
	at org.testng.remote.AbstractRemoteTestNG.run(AbstractRemoteTestNG.java:114)
	at org.testng.remote.RemoteTestNG.initAndRun(RemoteTestNG.java:251)
	at org.testng.remote.RemoteTestNG.main(RemoteTestNG.java:77)
</pre></div></td>
<td>0</td>
<td>DCTestFrameWork_Tests.MoviesFilterTest@66a3ffec</td></tr>
<tr>
<td title='DCTestFrameWork_Tests.MoviesContentTest.f()'><b>f</b><br>Test class: DCTestFrameWork_Tests.MoviesContentTest</td>
<td><div><pre>java.lang.NoClassDefFoundError: DCTestFrameWork_Lib/Driver
	at DCTestFrameWork_Tests.BaseTest.beforeClass(BaseTest.java:28)
Caused by: java.lang.ClassNotFoundException: DCTestFrameWork_Lib.Driver
	at java.net.URLClassLoader.findClass(Unknown Source)
	at java.lang.ClassLoader.loadClass(Unknown Source)
	at sun.misc.Launcher$AppClassLoader.loadClass(Unknown Source)
	at java.lang.ClassLoader.loadClass(Unknown Source)
	... 27 more
... Removed 26 stack frames</pre></div><a href='#' onClick='toggleBox("stack-trace1585787493", this, "Click to show all stack frames", "Click to hide stack frames")'>Click to show all stack frames</a>
<div class='stack-trace' id='stack-trace1585787493'><pre>java.lang.NoClassDefFoundError: DCTestFrameWork_Lib/Driver
	at DCTestFrameWork_Tests.BaseTest.beforeClass(BaseTest.java:28)
	at sun.reflect.NativeMethodAccessorImpl.invoke0(Native Method)
	at sun.reflect.NativeMethodAccessorImpl.invoke(Unknown Source)
	at sun.reflect.DelegatingMethodAccessorImpl.invoke(Unknown Source)
	at java.lang.reflect.Method.invoke(Unknown Source)
	at org.testng.internal.MethodInvocationHelper.invokeMethod(MethodInvocationHelper.java:124)
	at org.testng.internal.MethodInvocationHelper.invokeMethodConsideringTimeout(MethodInvocationHelper.java:59)
	at org.testng.internal.Invoker.invokeConfigurationMethod(Invoker.java:451)
	at org.testng.internal.Invoker.invokeConfigurations(Invoker.java:222)
	at org.testng.internal.Invoker.invokeConfigurations(Invoker.java:142)
	at org.testng.internal.TestMethodWorker.invokeBeforeClassMethods(TestMethodWorker.java:163)
	at org.testng.internal.TestMethodWorker.run(TestMethodWorker.java:105)
	at org.testng.TestRunner.privateRun(TestRunner.java:648)
	at org.testng.TestRunner.run(TestRunner.java:505)
	at org.testng.SuiteRunner.runTest(SuiteRunner.java:455)
	at org.testng.SuiteRunner.runSequentially(SuiteRunner.java:450)
	at org.testng.SuiteRunner.privateRun(SuiteRunner.java:415)
	at org.testng.SuiteRunner.run(SuiteRunner.java:364)
	at org.testng.SuiteRunnerWorker.runSuite(SuiteRunnerWorker.java:52)
	at org.testng.SuiteRunnerWorker.run(SuiteRunnerWorker.java:84)
	at org.testng.TestNG.runSuitesSequentially(TestNG.java:1187)
	at org.testng.TestNG.runSuitesLocally(TestNG.java:1116)
	at org.testng.TestNG.runSuites(TestNG.java:1028)
	at org.testng.TestNG.run(TestNG.java:996)
	at org.testng.remote.AbstractRemoteTestNG.run(AbstractRemoteTestNG.java:114)
	at org.testng.remote.RemoteTestNG.initAndRun(RemoteTestNG.java:251)
	at org.testng.remote.RemoteTestNG.main(RemoteTestNG.java:77)
Caused by: java.lang.ClassNotFoundException: DCTestFrameWork_Lib.Driver
	at java.net.URLClassLoader.findClass(Unknown Source)
	at java.lang.ClassLoader.loadClass(Unknown Source)
	at sun.misc.Launcher$AppClassLoader.loadClass(Unknown Source)
	at java.lang.ClassLoader.loadClass(Unknown Source)
	... 27 more
</pre></div></td>
<td>0</td>
<td>DCTestFrameWork_Tests.MoviesContentTest@3e6fa38a</td></tr>
<tr>
<td title='DCTestFrameWork_Tests.MoviesNavTest.f()'><b>f</b><br>Test class: DCTestFrameWork_Tests.MoviesNavTest</td>
<td><div><pre>java.lang.NoClassDefFoundError: DCTestFrameWork_Lib/Driver
	at DCTestFrameWork_Tests.BaseTest.beforeClass(BaseTest.java:28)
... Removed 26 stack frames</pre></div><a href='#' onClick='toggleBox("stack-trace1754638213", this, "Click to show all stack frames", "Click to hide stack frames")'>Click to show all stack frames</a>
<div class='stack-trace' id='stack-trace1754638213'><pre>java.lang.NoClassDefFoundError: DCTestFrameWork_Lib/Driver
	at DCTestFrameWork_Tests.BaseTest.beforeClass(BaseTest.java:28)
	at sun.reflect.NativeMethodAccessorImpl.invoke0(Native Method)
	at sun.reflect.NativeMethodAccessorImpl.invoke(Unknown Source)
	at sun.reflect.DelegatingMethodAccessorImpl.invoke(Unknown Source)
	at java.lang.reflect.Method.invoke(Unknown Source)
	at org.testng.internal.MethodInvocationHelper.invokeMethod(MethodInvocationHelper.java:124)
	at org.testng.internal.MethodInvocationHelper.invokeMethodConsideringTimeout(MethodInvocationHelper.java:59)
	at org.testng.internal.Invoker.invokeConfigurationMethod(Invoker.java:451)
	at org.testng.internal.Invoker.invokeConfigurations(Invoker.java:222)
	at org.testng.internal.Invoker.invokeConfigurations(Invoker.java:142)
	at org.testng.internal.TestMethodWorker.invokeBeforeClassMethods(TestMethodWorker.java:163)
	at org.testng.internal.TestMethodWorker.run(TestMethodWorker.java:105)
	at org.testng.TestRunner.privateRun(TestRunner.java:648)
	at org.testng.TestRunner.run(TestRunner.java:505)
	at org.testng.SuiteRunner.runTest(SuiteRunner.java:455)
	at org.testng.SuiteRunner.runSequentially(SuiteRunner.java:450)
	at org.testng.SuiteRunner.privateRun(SuiteRunner.java:415)
	at org.testng.SuiteRunner.run(SuiteRunner.java:364)
	at org.testng.SuiteRunnerWorker.runSuite(SuiteRunnerWorker.java:52)
	at org.testng.SuiteRunnerWorker.run(SuiteRunnerWorker.java:84)
	at org.testng.TestNG.runSuitesSequentially(TestNG.java:1187)
	at org.testng.TestNG.runSuitesLocally(TestNG.java:1116)
	at org.testng.TestNG.runSuites(TestNG.java:1028)
	at org.testng.TestNG.run(TestNG.java:996)
	at org.testng.remote.AbstractRemoteTestNG.run(AbstractRemoteTestNG.java:114)
	at org.testng.remote.RemoteTestNG.initAndRun(RemoteTestNG.java:251)
	at org.testng.remote.RemoteTestNG.main(RemoteTestNG.java:77)
</pre></div></td>
<td>0</td>
<td>DCTestFrameWork_Tests.MoviesNavTest@77caeb3e</td></tr>
</table><p>
</body>
</html>